<?xml version="1.0" encoding="UTF-8"?>
<!-- Generated by org.testng.reporters.JUnitReportReporter -->
<testsuite skipped="0" hostname="Ashish-PC" name="com.liberty.homepage.PageLoadTitle" tests="1" failures="0" timestamp="15 May 2019 03:26:36 GMT" time="21.355" errors="0">
  <testcase name="testPageTitle" time="21.355" classname="com.liberty.homepage.PageLoadTitle"/>
</testsuite> <!-- com.liberty.homepage.PageLoadTitle -->
