<?xml version="1.0" encoding="UTF-8"?>
<!-- Generated by org.testng.reporters.JUnitReportReporter -->
<testsuite skipped="0" hostname="Ashish-PC" name="ridecell.ridecell.AppTest" tests="1" failures="0" timestamp="09 May 2019 04:56:08 GMT" time="10.785" errors="0">
  <testcase name="testPageLoad" time="10.785" classname="ridecell.ridecell.AppTest"/>
</testsuite> <!-- ridecell.ridecell.AppTest -->
