<?xml version="1.0" encoding="UTF-8"?>
<!-- Generated by org.testng.reporters.JUnitReportReporter -->
<testsuite skipped="0" hostname="Ashish-PC" name="products.checkout.AddProductToCart" tests="1" failures="0" timestamp="15 May 2019 09:43:10 GMT" time="47.472" errors="0">
  <testcase name="testAddProductToCart" time="47.472" classname="products.checkout.AddProductToCart"/>
</testsuite> <!-- products.checkout.AddProductToCart -->
