<?xml version="1.0" encoding="UTF-8"?>
<!-- Generated by org.testng.reporters.JUnitReportReporter -->
<testsuite skipped="0" hostname="Ashish-PC" name="com.liberty.homepage.PageLoadTitle" tests="1" failures="0" timestamp="10 May 2019 19:22:21 GMT" time="0.001" errors="0">
  <testcase name="testPageTitle" time="0.001" classname="com.liberty.homepage.PageLoadTitle"/>
</testsuite> <!-- com.liberty.homepage.PageLoadTitle -->
